<?xml version="1.0" encoding="UTF-8"?>
<!-- Generated by org.testng.reporters.JUnitReportReporter -->
<testsuite hostname="LAPTOP-6SC09550" failures="0" tests="1" name="com.MavenGitJenkins1.NewTest" time="13.370" errors="0" timestamp="2021-11-06T17:04:18 CET" skipped="0">
  <testcase classname="com.MavenGitJenkins1.NewTest" name="googleLaunchTest" time="13.370"/>
  <system-out/>
</testsuite> <!-- com.MavenGitJenkins1.NewTest -->
