<?xml version="1.0" encoding="UTF-8"?>
<!-- Generated by org.testng.reporters.JUnitReportReporter -->
<testsuite hostname="LAPTOP-6SC09550" failures="0" tests="1" name="com.MavenGitJenkins1.NewTest1" time="18.057" errors="0" timestamp="2021-11-06T16:59:56 CET" skipped="0">
  <testcase classname="com.MavenGitJenkins1.NewTest1" name="googleLaunchTest" time="18.057"/>
  <system-out/>
</testsuite> <!-- com.MavenGitJenkins1.NewTest1 -->
